[2025-03-02T04:07:23.599Z] Sanitized Request: GET /api/users?id=1%20UNION%20SELECT%20username,password%20FROM%20users
[2025-03-02T04:07:23.623Z] Sanitized Request: POST /api/data
[2025-03-02T04:07:23.632Z] Sanitized Request: GET /api/users?file=../../../etc/passwd
[2025-03-02T04:07:23.639Z] Sanitized Request: POST /api/data
[2025-03-02T04:07:24.950Z] Sanitized Request: POST /api/data
[2025-03-02T04:07:26.369Z] Sanitized Request: POST /api/data
[2025-03-02T04:07:35.650Z] Sanitized Request: GET /api/data
[2025-03-02T04:07:40.876Z] Sanitized Request: GET /api/users?file=../../../etc/passwd
[2025-03-02T04:07:44.322Z] Sanitized Request: GET /api/data
[2025-03-02T04:09:00.630Z] Sanitized Request: GET /api/users?id=1%20UNION%20SELECT%20username,password%20FROM%20users
[2025-03-02T04:09:00.663Z] Sanitized Request: POST /api/data
[2025-03-02T04:09:00.671Z] Sanitized Request: GET /api/users?file=../../../etc/passwd
[2025-03-02T04:09:00.678Z] Sanitized Request: POST /api/data
[2025-03-02T04:09:00.684Z] Sanitized Request: POST /api/data
[2025-03-02T04:09:00.690Z] Sanitized Request: POST /api/data
[2025-03-02T04:12:07.994Z] Sanitized Request: GET /api/users?id=1%20UNION%20SELECT%20username,password%20FROM%20users
[2025-03-02T04:12:51.926Z] Sanitized Request: POST /api/data
[2025-03-02T04:13:15.949Z] Sanitized Request: GET /api/users?file=../../../etc/passwd
[2025-03-02T04:14:00.669Z] Sanitized Request: POST /api/data
[2025-03-02T04:14:13.227Z] Sanitized Request: POST /api/data
[2025-03-02T04:14:28.165Z] Sanitized Request: POST /api/data
[2025-03-02T04:14:44.504Z] Sanitized Request: POST /api/data
[2025-03-02T04:15:00.661Z] Sanitized Request: POST /
[2025-03-02T04:15:11.647Z] Sanitized Request: GET /
[2025-03-02T04:15:46.851Z] Sanitized Request: POST /api/data
[2025-03-02T04:15:48.158Z] Sanitized Request: POST /api/data
[2025-03-02T04:19:19.988Z] Sanitized Request: GET /api/users
[2025-03-02T04:20:58.608Z] Sanitized Request: GET /api/users?id=1%20UNION%20SELECT%20username,password%20FROM%20users
[2025-03-02T04:20:58.630Z] Sanitized Request: POST /api/data
[2025-03-02T04:20:58.637Z] Sanitized Request: GET /api/users?file=../../../etc/passwd
[2025-03-02T04:20:58.645Z] Sanitized Request: POST /api/data
[2025-03-02T04:20:58.653Z] Sanitized Request: POST /api/data
[2025-03-02T04:20:58.660Z] Sanitized Request: POST /api/data
[2025-03-02T04:21:08.149Z] Sanitized Request: GET /api/users
[2025-03-02T04:21:09.331Z] Sanitized Request: GET /api/users
[2025-03-02T04:23:09.306Z] Sanitized Request: GET /api/users?id=1%20UNION%20SELECT%20username,password%20FROM%20users
[2025-03-02T04:23:09.325Z] Sanitized Request: POST /api/data
[2025-03-02T04:23:09.329Z] Sanitized Request: GET /api/users?file=../../../etc/passwd
[2025-03-02T04:23:09.333Z] Sanitized Request: POST /api/data
[2025-03-02T04:23:09.337Z] Sanitized Request: POST /api/data
[2025-03-02T04:23:09.341Z] Sanitized Request: POST /api/data
[2025-03-02T04:23:17.030Z] Sanitized Request: GET /api/users
[2025-03-02T04:23:18.201Z] Sanitized Request: GET /api/users
[2025-03-02T04:23:19.105Z] Sanitized Request: GET /api/users
[2025-03-02T04:23:19.990Z] Sanitized Request: GET /api/users
[2025-03-02T04:23:20.492Z] Sanitized Request: GET /api/users
[2025-03-02T04:23:21.094Z] Sanitized Request: GET /api/users
[2025-03-02T04:23:21.464Z] Sanitized Request: GET /api/users
[2025-03-02T04:23:21.945Z] Sanitized Request: GET /api/users
[2025-03-02T04:23:22.378Z] Sanitized Request: GET /api/users
[2025-03-02T04:23:22.805Z] Sanitized Request: GET /api/users
[2025-03-02T04:23:32.593Z] Sanitized Request: POST /api/data
[2025-03-02T04:23:33.574Z] Sanitized Request: POST /api/data
[2025-03-02T04:23:34.322Z] Sanitized Request: POST /api/data
[2025-03-02T04:25:15.827Z] Sanitized Request: GET /api/users?id=1%20UNION%20SELECT%20username,password%20FROM%20users
[2025-03-02T04:25:15.845Z] Sanitized Request: POST /api/data
[2025-03-02T04:25:15.850Z] Sanitized Request: GET /api/users?file=../../../etc/passwd
[2025-03-02T04:25:15.855Z] Sanitized Request: POST /api/data
[2025-03-02T04:25:15.860Z] Sanitized Request: POST /api/data
[2025-03-02T04:25:15.865Z] Sanitized Request: POST /api/data
[2025-03-02T04:25:20.060Z] Sanitized Request: POST /api/data
[2025-03-02T04:25:21.232Z] Sanitized Request: POST /api/data
[2025-03-02T04:25:30.687Z] Sanitized Request: POST /api/user
[2025-03-02T04:25:33.350Z] Sanitized Request: GET /api/user
[2025-03-02T04:27:30.372Z] Sanitized Request: GET /api/users?id=1%20UNION%20SELECT%20username,password%20FROM%20users
[2025-03-02T04:27:30.390Z] Sanitized Request: POST /api/data
[2025-03-02T04:27:30.395Z] Sanitized Request: GET /api/users?file=../../../etc/passwd
[2025-03-02T04:27:30.399Z] Sanitized Request: POST /api/data
[2025-03-02T04:27:32.523Z] Sanitized Request: POST /api/data
[2025-03-02T04:27:33.122Z] Sanitized Request: POST /api/data
[2025-03-02T04:27:53.136Z] Sanitized Request: GET /api/user
[2025-03-02T04:37:32.321Z] Sanitized Request: GET /api/users?id=1%20UNION%20SELECT%20username,password%20FROM%20users
[2025-03-02T04:37:32.339Z] Sanitized Request: POST /api/data
[2025-03-02T04:37:32.344Z] Sanitized Request: GET /api/users?file=../../../etc/passwd
[2025-03-02T04:37:32.347Z] Sanitized Request: POST /api/data
[2025-03-02T04:37:32.351Z] Sanitized Request: POST /api/data
[2025-03-02T04:37:32.355Z] Sanitized Request: POST /api/data
[2025-03-02T04:37:39.666Z] Sanitized Request: GET /api/user
[2025-03-02T04:37:41.366Z] Sanitized Request: GET /api/user
[2025-03-02T04:37:46.842Z] Sanitized Request: GET /api/users?id=1%20UNION%20SELECT%20username,password%20FROM%20users
[2025-03-02T04:39:38.625Z] Sanitized Request: GET /api/users
[2025-03-02T04:41:31.215Z] Sanitized Request: GET /api/users?id=1%20UNION%20SELECT%20username,password%20FROM%20users
[2025-03-02T04:41:31.236Z] Sanitized Request: POST /api/data
[2025-03-02T04:41:31.241Z] Sanitized Request: GET /api/users?file=../../../etc/passwd
[2025-03-02T04:41:31.245Z] Sanitized Request: POST /api/data
[2025-03-02T04:41:31.249Z] Sanitized Request: POST /api/data
[2025-03-02T04:41:31.253Z] Sanitized Request: POST /api/data
[2025-03-02T04:42:36.508Z] Sanitized Request: GET /api/users
[2025-03-02T04:43:59.999Z] Sanitized Request: GET /api/users?id=1%20UNION%20SELECT%20username,password%20FROM%20users
[2025-03-02T04:44:00.018Z] Sanitized Request: POST /api/data
[2025-03-02T04:44:00.027Z] Sanitized Request: GET /api/users?file=../../../etc/passwd
[2025-03-02T04:44:00.033Z] Sanitized Request: POST /api/data
[2025-03-02T04:44:02.202Z] Sanitized Request: POST /api/data
[2025-03-02T04:44:02.779Z] Sanitized Request: POST /api/data
[2025-03-02T04:46:41.210Z] Sanitized Request: GET /api/users
[2025-03-02T04:48:01.584Z] Sanitized Request: GET /api/users?id=1%20UNION%20SELECT%20username,password%20FROM%20users
[2025-03-02T04:48:01.598Z] Sanitized Request: POST /api/data
[2025-03-02T04:48:01.606Z] Sanitized Request: GET /api/users?file=../../../etc/passwd
[2025-03-02T04:48:01.610Z] Sanitized Request: POST /api/data
[2025-03-02T04:54:24.088Z] Sanitized Request: GET /api/users?id=1%20UNION%20SELECT%20username,password%20FROM%20users
[2025-03-02T04:54:24.098Z] Sanitized Request: POST /api/data
[2025-03-02T04:54:24.102Z] Sanitized Request: GET /api/users?file=../../../etc/passwd
[2025-03-02T04:54:24.106Z] Sanitized Request: POST /api/data
